SF:/Users/dennisw/code/github/TileGame/src/TileGame/DirectionExtensions.cs
FN:6,TileGame.Axis TileGame.DirectionExtensions::GetAxisFromDirection(TileGame.Direction)
FNDA:16,TileGame.Axis TileGame.DirectionExtensions::GetAxisFromDirection(TileGame.Direction)
DA:7,16
DA:8,16
DA:12,7
DA:16,9
DA:19,0
DA:21,16
BRDA:8,4,2,7
BRDA:8,4,4,7
BRDA:8,4,1,9
BRDA:8,4,3,9
BRDA:8,4,0,0
LF:6
LH:5
BRF:5
BRH:4
FNF:1
FNH:1
end_of_record
SF:/Users/dennisw/code/github/TileGame/src/TileGame/EmptyTile.cs
FN:5,System.String TileGame.EmptyTile::ToString()
FNDA:1,System.String TileGame.EmptyTile::ToString()
DA:6,1
DA:7,1
DA:8,1
LF:3
LH:3
BRF:0
BRH:0
FNF:1
FNH:1
end_of_record
SF:/Users/dennisw/code/github/TileGame/src/TileGame/Grid.cs
FN:10,System.Int32 TileGame.Grid::get_NumberOfRows()
FNDA:1,System.Int32 TileGame.Grid::get_NumberOfRows()
DA:11,1
FN:11,System.Int32 TileGame.Grid::get_NumberOfColumns()
FNDA:1,System.Int32 TileGame.Grid::get_NumberOfColumns()
DA:12,1
FN:12,System.Collections.Generic.List`1<TileGame.Tile> TileGame.Grid::get_EmptyTiles()
FNDA:34,System.Collections.Generic.List`1<TileGame.Tile> TileGame.Grid::get_EmptyTiles()
DA:13,34
BRDA:13,17,0,1
BRDA:13,17,1,2
FN:21,System.Void TileGame.Grid::GenerateTiles(System.Int32)
FNDA:14,System.Void TileGame.Grid::GenerateTiles(System.Int32)
DA:22,14
DA:23,138
DA:24,55
DA:25,544
DA:26,217
DA:27,217
DA:28,217
DA:29,217
DA:30,55
DA:31,14
BRDA:23,71,1,55
BRDA:25,56,1,217
BRDA:25,56,0,55
BRDA:23,71,0,14
FN:33,System.Void TileGame.Grid::SetTile(TileGame.NumberTile)
FNDA:15,System.Void TileGame.Grid::SetTile(TileGame.NumberTile)
DA:34,15
DA:35,15
DA:36,15
FN:38,TileGame.TileList TileGame.Grid::GetAxisTiles(TileGame.Axis,System.Int32)
FNDA:13,TileGame.TileList TileGame.Grid::GetAxisTiles(TileGame.Axis,System.Int32)
DA:39,13
DA:40,13
DA:41,13
DA:44,38
DA:45,2
DA:48,407
DA:49,11
DA:51,13
DA:52,13
BRDA:41,19,0,2
BRDA:41,25,1,2
BRDA:44,66,0,1
BRDA:44,66,1,2
BRDA:41,19,1,11
BRDA:48,133,0,1
BRDA:48,133,1,11
BRDA:41,25,0,13
FN:54,System.Boolean TileGame.Grid::CanAxisMove(TileGame.Axis,System.Int32,TileGame.Direction)
FNDA:9,System.Boolean TileGame.Grid::CanAxisMove(TileGame.Axis,System.Int32,TileGame.Direction)
DA:55,9
DA:56,9
DA:57,9
DA:58,9
FN:8,System.Void TileGame.Grid::.ctor(System.Int32)
FNDA:14,System.Void TileGame.Grid::.ctor(System.Int32)
DA:9,14
DA:15,14
DA:16,14
DA:17,14
DA:18,14
DA:19,14
LF:35
LH:35
BRF:14
BRH:14
FNF:8
FNH:8
end_of_record
SF:/Users/dennisw/code/github/TileGame/src/TileGame/Location.cs
FN:4,System.Int32 TileGame.Location::get_Row()
FNDA:679,System.Int32 TileGame.Location::get_Row()
DA:5,679
FN:5,System.Int32 TileGame.Location::get_Column()
FNDA:866,System.Int32 TileGame.Location::get_Column()
DA:6,866
FN:14,System.String TileGame.Location::ToString()
FNDA:3,System.String TileGame.Location::ToString()
DA:15,3
DA:16,3
DA:17,3
FN:20,System.Boolean TileGame.Location::Equals(System.Object)
FNDA:19,System.Boolean TileGame.Location::Equals(System.Object)
DA:21,19
DA:29,19
DA:30,2
DA:31,2
DA:34,17
DA:35,17
DA:36,19
BRDA:29,2,0,18
BRDA:29,2,1,1
BRDA:29,26,0,2
BRDA:29,26,1,17
BRDA:35,52,0,16
BRDA:35,52,1,1
FN:38,System.Int32 TileGame.Location::GetHashCode()
FNDA:232,System.Int32 TileGame.Location::GetHashCode()
DA:39,232
DA:40,232
DA:41,232
FN:7,System.Void TileGame.Location::.ctor(System.Int32,System.Int32)
FNDA:254,System.Void TileGame.Location::.ctor(System.Int32,System.Int32)
DA:8,254
DA:9,254
DA:10,254
DA:11,254
DA:12,254
LF:20
LH:20
BRF:6
BRH:6
FNF:6
FNH:6
end_of_record
SF:/Users/dennisw/code/github/TileGame/src/TileGame/NumberTile.cs
FN:4,System.Int32 TileGame.NumberTile::get_Value()
FNDA:41,System.Int32 TileGame.NumberTile::get_Value()
DA:5,41
FN:7,System.String TileGame.NumberTile::ToString()
FNDA:1,System.String TileGame.NumberTile::ToString()
DA:8,1
DA:9,1
DA:10,1
LF:4
LH:4
BRF:0
BRH:0
FNF:2
FNH:2
end_of_record
SF:/Users/dennisw/code/github/TileGame/src/TileGame/Tile.cs
FN:4,TileGame.Location TileGame.Tile::get_Location()
FNDA:765,TileGame.Location TileGame.Tile::get_Location()
DA:5,765
FN:6,System.Int32 TileGame.Tile::get_Row()
FNDA:156,System.Int32 TileGame.Tile::get_Row()
DA:7,156
FN:7,System.Int32 TileGame.Tile::get_Column()
FNDA:345,System.Int32 TileGame.Tile::get_Column()
DA:8,345
FN:10,System.String TileGame.Tile::ToString()
FNDA:2,System.String TileGame.Tile::ToString()
DA:11,2
DA:12,2
DA:13,2
LF:6
LH:6
BRF:0
BRH:0
FNF:4
FNH:4
end_of_record
SF:/Users/dennisw/code/github/TileGame/src/TileGame/TileList.cs
FN:10,TileGame.Axis TileGame.TileList::get_Axis()
FNDA:43,TileGame.Axis TileGame.TileList::get_Axis()
DA:11,43
FN:12,System.Int32 TileGame.TileList::get_Count()
FNDA:2,System.Int32 TileGame.TileList::get_Count()
DA:13,2
FN:14,System.Boolean TileGame.TileList::get_IsEmpty()
FNDA:44,System.Boolean TileGame.TileList::get_IsEmpty()
DA:15,44
BRDA:15,12,0,1
BRDA:15,12,1,16
FN:16,System.Boolean TileGame.TileList::get_HasNumberTiles()
FNDA:7,System.Boolean TileGame.TileList::get_HasNumberTiles()
DA:17,7
BRDA:17,12,0,1
BRDA:17,12,1,2
FN:25,System.Boolean TileGame.TileList::IsFirstTileEmpty(System.Collections.Generic.IEnumerable`1<TileGame.Tile>)
FNDA:14,System.Boolean TileGame.TileList::IsFirstTileEmpty(System.Collections.Generic.IEnumerable`1<TileGame.Tile>)
DA:26,14
DA:27,14
DA:28,14
FN:30,System.Boolean TileGame.TileList::CanMoveTowardsZero(TileGame.Direction)
FNDA:20,System.Boolean TileGame.TileList::CanMoveTowardsZero(TileGame.Direction)
DA:31,20
DA:32,20
DA:34,16
DA:36,18
DA:37,19
DA:39,48
DA:40,18
DA:41,18
DA:42,18
DA:44,18
DA:45,1
DA:46,1
DA:49,17
DA:50,10
DA:51,10
DA:52,2
DA:53,2
DA:55,8
DA:56,15
DA:58,6
DA:59,16
BRDA:36,36,0,2
BRDA:36,36,1,14
BRDA:37,54,0,5
BRDA:37,54,1,9
BRDA:39,196,1,18
BRDA:44,98,0,11
BRDA:44,98,1,7
BRDA:44,117,0,1
BRDA:44,117,1,17
BRDA:49,131,0,10
BRDA:49,131,1,7
BRDA:49,150,0,10
BRDA:51,167,0,2
BRDA:51,167,1,8
BRDA:49,150,1,15
BRDA:39,196,0,6
FN:61,System.Boolean TileGame.TileList::AreTilesSameValue(TileGame.Tile,TileGame.Tile)
FNDA:10,System.Boolean TileGame.TileList::AreTilesSameValue(TileGame.Tile,TileGame.Tile)
DA:62,10
DA:63,10
DA:64,10
DA:66,10
DA:67,10
FN:69,System.Void TileGame.TileList::CheckForInvalidMovement(TileGame.Direction)
FNDA:20,System.Void TileGame.TileList::CheckForInvalidMovement(TileGame.Direction)
DA:70,20
DA:71,20
DA:73,20
DA:76,9
DA:77,9
DA:79,11
DA:81,11
DA:84,20
DA:85,4
DA:86,4
DA:88,16
BRDA:73,11,0,9
BRDA:73,17,1,9
BRDA:76,23,0,8
BRDA:76,23,1,1
BRDA:73,11,1,11
BRDA:79,39,0,10
BRDA:79,39,1,1
BRDA:73,17,0,20
BRDA:84,55,0,4
BRDA:84,55,1,16
FN:90,System.Collections.Generic.IEnumerable`1<TileGame.Tile> TileGame.TileList::ReverseIfRequired(System.Collections.Generic.IEnumerable`1<TileGame.Tile>,TileGame.Direction)
FNDA:16,System.Collections.Generic.IEnumerable`1<TileGame.Tile> TileGame.TileList::ReverseIfRequired(System.Collections.Generic.IEnumerable`1<TileGame.Tile>,TileGame.Direction)
DA:91,16
DA:92,16
DA:94,16
DA:97,3
DA:100,3
DA:103,10
DA:105,16
BRDA:94,19,0,13
BRDA:94,19,1,3
BRDA:94,25,1,3
BRDA:94,25,0,10
FN:107,System.Collections.Generic.IEnumerable`1<TileGame.Tile> TileGame.TileList::OrderTiles(System.Collections.Generic.IEnumerable`1<TileGame.Tile>,TileGame.Axis)
FNDA:22,System.Collections.Generic.IEnumerable`1<TileGame.Tile> TileGame.TileList::OrderTiles(System.Collections.Generic.IEnumerable`1<TileGame.Tile>,TileGame.Axis)
DA:108,22
DA:109,22
DA:112,31
DA:113,10
DA:116,60
DA:117,12
DA:119,22
DA:120,22
BRDA:109,4,0,10
BRDA:109,10,1,10
BRDA:112,21,0,1
BRDA:112,21,1,10
BRDA:109,4,1,12
BRDA:116,62,0,1
BRDA:116,62,1,12
BRDA:109,10,0,22
FN:18,System.Void TileGame.TileList::.ctor(TileGame.Axis,System.Collections.Generic.IEnumerable`1<TileGame.Tile>)
FNDA:19,System.Void TileGame.TileList::.ctor(TileGame.Axis,System.Collections.Generic.IEnumerable`1<TileGame.Tile>)
DA:19,19
DA:20,19
DA:21,19
DA:22,19
DA:23,19
LF:64
LH:64
BRF:42
BRH:42
FNF:11
FNH:11
end_of_record